2020-02-24 09:01:04.884 [DEBU] [28 ms] SELECT * FROM `sys_config` WHERE config_key='sys.resource.url' LIMIT 1
2020-02-24 09:01:15.706 [DEBU] [1 ms] SELECT * FROM `sys_user` WHERE login_name='admin' LIMIT 1
2020-02-24 09:01:15.709 [DEBU] [1 ms] INSERT INTO `sys_logininfor`(`status`,`msg`,`login_time`,`login_name`,`login_location`,`browser`,`info_id`,`ipaddr`,`os`) VALUES('0','账号或密码不正确','2020-02-24 09:01:15','admin','内网IP','Chrome',0,'127.0.0.1','Intel Mac OS X 10_15_1') 
2020-02-24 09:02:05.107 [DEBU] [1 ms] SELECT * FROM `sys_user` WHERE login_name='admin' LIMIT 1
2020-02-24 09:02:05.117 [DEBU] [9 ms] INSERT INTO `sys_logininfor`(`ipaddr`,`login_location`,`browser`,`os`,`status`,`msg`,`login_time`,`info_id`,`login_name`) VALUES('127.0.0.1','内网IP','Chrome','Intel Mac OS X 10_15_1','0','账号或密码不正确','2020-02-24 09:02:05',0,'admin') 
2020-02-24 09:02:24.267 [DEBU] [1 ms] SELECT * FROM `sys_user` WHERE login_name='admin' LIMIT 1
2020-02-24 09:02:24.268 [DEBU] [1 ms] INSERT INTO `sys_logininfor`(`ipaddr`,`status`,`msg`,`login_time`,`info_id`,`login_location`,`browser`,`os`,`login_name`) VALUES('127.0.0.1','0','账号或密码不正确','2020-02-24 09:02:24',0,'内网IP','Chrome','Intel Mac OS X 10_15_1','admin') 
2020-02-24 09:02:54.647 [DEBU] [2 ms] SELECT * FROM `sys_user` WHERE login_name='admin' LIMIT 1
2020-02-24 09:02:54.648 [DEBU] [1 ms] INSERT INTO `sys_logininfor`(`login_name`,`ipaddr`,`browser`,`msg`,`login_time`,`info_id`,`login_location`,`os`,`status`) VALUES('admin','127.0.0.1','Chrome','账号或密码不正确','2020-02-24 09:02:54',0,'内网IP','Intel Mac OS X 10_15_1','0') 
2020-02-24 09:12:14.092 [DEBU] [4 ms] SELECT * FROM `sys_user` WHERE login_name='admin' LIMIT 1
2020-02-24 09:12:14.099 [DEBU] [6 ms] INSERT INTO `sys_user_online`(`sessionId`,`ipaddr`,`login_location`,`os`,`status`,`start_timestamp`,`last_access_time`,`expire_time`,`login_name`,`dept_name`,`browser`) VALUES('C0TZTHDPW0WGJ6N1VV','127.0.0.1','内网IP','Intel Mac OS X 10_15_1','on_line','2020-02-24 09:12:14','2020-02-24 09:12:14',1440,'admin','','Chrome') 
2020-02-24 09:12:14.101 [DEBU] [2 ms] INSERT INTO `sys_logininfor`(`info_id`,`login_name`,`ipaddr`,`browser`,`os`,`msg`,`login_location`,`status`,`login_time`) VALUES(0,'admin','127.0.0.1','Chrome','Intel Mac OS X 10_15_1','登陆成功','内网IP','0','2020-02-24 09:12:14') 
2020-02-24 09:12:14.262 [DEBU] [1 ms] SELECT * FROM `sys_config` WHERE config_key='sys.index.sideTheme' LIMIT 1
2020-02-24 09:12:14.263 [DEBU] [1 ms] SELECT * FROM `sys_config` WHERE config_key='sys.index.skinName' LIMIT 1
2020-02-24 09:12:45.149 [DEBU] [3 ms] SHOW FULL COLUMNS FROM `sys_dict_data`
2020-02-24 09:12:45.150 [DEBU] [0 ms] SELECT * FROM `sys_dict_data` WHERE `dict_code`='status = \'0\' and dict_type = ? order by dict_sort asc'
2020-02-24 09:17:19.527 [DEBU] [4 ms] SELECT * FROM `sys_dict_data` WHERE `dict_code`='status = \'0\' and dict_type = ? order by dict_sort asc'
2020-02-24 09:17:26.716 [DEBU] [1 ms] SELECT * FROM `sys_dict_data` WHERE `dict_code`='status = \'0\' and dict_type = ? order by dict_sort asc'
2020-02-24 09:17:26.806 [DEBU] [1 ms] SELECT * FROM `sys_dict_data` WHERE `dict_code`='status = \'0\' and dict_type = ? order by dict_sort asc'
2020-02-24 09:17:29.448 [DEBU] [0 ms] SELECT * FROM `sys_dict_data` WHERE `dict_code`='status = \'0\' and dict_type = ? order by dict_sort asc'
2020-02-24 09:17:36.270 [DEBU] [2 ms] SELECT * FROM `sys_user` WHERE user_id=1 LIMIT 1
2020-02-24 09:17:36.322 [DEBU] [0 ms] SELECT * FROM `sys_dict_data` WHERE `dict_code`='status = \'0\' and dict_type = ? order by dict_sort asc'
2020-02-24 09:17:44.838 [DEBU] [1 ms] SELECT * FROM `sys_role` WHERE role_id=1 LIMIT 1
2020-02-24 09:17:49.455 [DEBU] [0 ms] SELECT * FROM `sys_role` WHERE role_id=1 LIMIT 1
2020-02-24 09:17:54.747 [DEBU] [3 ms] SELECT * FROM `sys_role` WHERE role_id=1 LIMIT 1
2020-02-24 09:17:54.828 [DEBU] [1 ms] SELECT * FROM `sys_dict_data` WHERE `dict_code`='status = \'0\' and dict_type = ? order by dict_sort asc'
2020-02-24 09:17:59.776 [DEBU] [1 ms] SELECT * FROM `sys_dict_data` WHERE `dict_code`='status = \'0\' and dict_type = ? order by dict_sort asc'
2020-02-24 09:17:59.845 [DEBU] [1 ms] SELECT * FROM `sys_dict_data` WHERE `dict_code`='status = \'0\' and dict_type = ? order by dict_sort asc'
2020-02-24 09:18:01.500 [DEBU] [1 ms] SELECT * FROM `sys_role` WHERE role_id=1 LIMIT 1
2020-02-24 09:19:47.819 [DEBU] [4 ms] SELECT * FROM `sys_dict_data` WHERE `dict_code`='status = \'0\' and dict_type = ? order by dict_sort asc'
2020-02-24 09:19:47.909 [DEBU] [0 ms] SELECT * FROM `sys_dict_data` WHERE `dict_code`='status = \'0\' and dict_type = ? order by dict_sort asc'
2020-02-24 09:19:55.638 [DEBU] [1 ms] SELECT * FROM `sys_config` WHERE config_id=1 LIMIT 1
2020-02-24 09:19:55.663 [DEBU] [0 ms] SELECT * FROM `sys_dict_data` WHERE `dict_code`='status = \'0\' and dict_type = ? order by dict_sort asc'
2020-02-24 09:20:56.253 [DEBU] [2 ms] SELECT * FROM `sys_config` WHERE config_id=4 LIMIT 1
2020-02-24 09:20:56.277 [DEBU] [1 ms] SELECT * FROM `sys_dict_data` WHERE `dict_code`='status = \'0\' and dict_type = ? order by dict_sort asc'
2020-02-24 09:21:07.572 [DEBU] [0 ms] SELECT * FROM `sys_dict_data` WHERE `dict_code`='status = \'0\' and dict_type = ? order by dict_sort asc'
2020-02-24 09:21:07.685 [DEBU] [1 ms] SELECT * FROM `sys_dict_data` WHERE `dict_code`='status = \'0\' and dict_type = ? order by dict_sort asc'
2020-02-24 09:21:10.607 [DEBU] [5 ms] SELECT * FROM `sys_dict_type` WHERE dict_id=3 LIMIT 1
2020-02-24 09:21:10.647 [DEBU] [0 ms] SELECT * FROM `sys_dict_data` WHERE `dict_code`='status = \'0\' and dict_type = ? order by dict_sort asc'
2020-02-24 09:21:10.726 [DEBU] [1 ms] SELECT * FROM `sys_dict_data` WHERE `dict_code`='status = \'0\' and dict_type = ? order by dict_sort asc'
2020-02-24 09:21:12.727 [DEBU] [1 ms] SELECT * FROM `sys_dict_data` WHERE `dict_code`='status = \'0\' and dict_type = ? order by dict_sort asc'
2020-02-24 09:21:12.832 [DEBU] [1 ms] SELECT * FROM `sys_dict_data` WHERE `dict_code`='status = \'0\' and dict_type = ? order by dict_sort asc'
2020-02-24 09:21:26.867 [DEBU] [1 ms] SELECT * FROM `sys_dict_data` WHERE `dict_code`='status = \'0\' and dict_type = ? order by dict_sort asc'
2020-02-24 09:21:26.869 [DEBU] [1 ms] SELECT * FROM `sys_dict_data` WHERE `dict_code`='status = \'0\' and dict_type = ? order by dict_sort asc'
2020-02-24 09:21:26.994 [DEBU] [1 ms] SELECT * FROM `sys_dict_data` WHERE `dict_code`='status = \'0\' and dict_type = ? order by dict_sort asc'
2020-02-24 09:37:13.184 [DEBU] [2 ms] SELECT * FROM `sys_dict_data` WHERE `dict_code`='status = \'0\' and dict_type = ? order by dict_sort asc'
2020-02-24 09:37:13.193 [DEBU] [1 ms] SELECT * FROM `sys_dict_data` WHERE `dict_code`='status = \'0\' and dict_type = ? order by dict_sort asc'
2020-02-24 09:37:13.293 [DEBU] [0 ms] SELECT * FROM `sys_dict_data` WHERE `dict_code`='status = \'0\' and dict_type = ? order by dict_sort asc'
2020-02-24 09:37:20.552 [DEBU] [1 ms] SELECT * FROM `sys_dict_data` WHERE `dict_code`='status = \'0\' and dict_type = ? order by dict_sort asc'
2020-02-24 09:37:20.622 [DEBU] [1 ms] SELECT * FROM `sys_dict_data` WHERE `dict_code`='status = \'0\' and dict_type = ? order by dict_sort asc'
2020-02-24 09:49:33.007 [DEBU] [5 ms] SELECT * FROM `sys_dict_data` WHERE `dict_code`='status = \'0\' and dict_type = ? order by dict_sort asc'
2020-02-24 09:49:33.102 [DEBU] [16 ms] SELECT * FROM `sys_dict_data` WHERE `dict_code`='status = \'0\' and dict_type = ? order by dict_sort asc'
2020-02-24 09:52:24.925 [DEBU] [7 ms] SELECT * FROM `sys_config` WHERE config_key='sys.index.sideTheme' LIMIT 1
2020-02-24 09:52:24.927 [DEBU] [0 ms] SELECT * FROM `sys_config` WHERE config_key='sys.index.skinName' LIMIT 1
2020-02-24 09:52:24.931 [DEBU] [3 ms] SELECT * FROM `sys_config` WHERE config_key='sys.resource.url' LIMIT 1
2020-02-24 09:53:10.149 [DEBU] [3 ms] INSERT INTO `sys_oper_log`(`json_result`,`method`,`request_method`,`oper_ip`,`oper_param`,`oper_id`,`title`,`oper_url`,`oper_location`,`oper_name`,`dept_name`,`status`,`oper_time`,`business_type`,`operator_type`,`error_msg`) VALUES('{"code":0,"msg":"操作成功","data":null,"otype":0}','/monitor/online/forceLogout','POST','127.0.0.1','{"sessionId":"C0TZTHDPW0WGJ6N1VV"}',0,'用户强退','/monitor/online/forceLogout','内网IP','admin','运维部门',0,'2020-02-24 09:53:10',0,1,'') 
2020-02-24 09:53:30.873 [DEBU] [1 ms] INSERT INTO `sys_oper_log`(`oper_id`,`oper_url`,`oper_ip`,`oper_param`,`error_msg`,`business_type`,`oper_name`,`oper_location`,`status`,`request_method`,`dept_name`,`oper_time`,`title`,`method`,`operator_type`,`json_result`) VALUES(0,'/monitor/online/forceLogout','127.0.0.1','{"sessionId":"C0TZTHDPW0WGJ6N1VV"}','',0,'admin','内网IP',0,'POST','运维部门','2020-02-24 09:53:30','用户强退','/monitor/online/forceLogout',1,'{"code":0,"msg":"操作成功","data":null,"otype":0}') 
2020-02-24 09:56:41.278 [DEBU] [2 ms] SHOW FULL COLUMNS FROM `sys_dict_data`
2020-02-24 09:56:41.278 [DEBU] [0 ms] SELECT * FROM `sys_dict_data` WHERE `dict_code`='status = \'0\' and dict_type = ? order by dict_sort asc'
2020-02-24 09:56:41.280 [DEBU] [0 ms] SELECT * FROM `sys_dict_data` WHERE `dict_code`='status = \'0\' and dict_type = ? order by dict_sort asc'
2020-02-24 09:56:41.343 [DEBU] [0 ms] SELECT * FROM `sys_dict_data` WHERE `dict_code`='status = \'0\' and dict_type = ? order by dict_sort asc'
2020-02-24 09:56:42.018 [DEBU] [0 ms] SELECT * FROM `sys_dict_data` WHERE `dict_code`='status = \'0\' and dict_type = ? order by dict_sort asc'
2020-02-24 09:56:42.019 [DEBU] [0 ms] SELECT * FROM `sys_dict_data` WHERE `dict_code`='status = \'0\' and dict_type = ? order by dict_sort asc'
2020-02-24 09:56:42.134 [DEBU] [0 ms] SELECT * FROM `sys_dict_data` WHERE `dict_code`='status = \'0\' and dict_type = ? order by dict_sort asc'
2020-02-24 09:57:11.641 [DEBU] [6 ms] SELECT * FROM `sys_job` WHERE job_id=1 LIMIT 1
2020-02-24 09:57:20.176 [DEBU] [1 ms] SELECT * FROM `sys_job` WHERE job_id=1 LIMIT 1
2020-02-24 09:57:24.551 [DEBU] [1 ms] SELECT * FROM `sys_dict_data` WHERE `dict_code`='status = \'0\' and dict_type = ? order by dict_sort asc'
2020-02-24 09:57:24.554 [DEBU] [0 ms] SELECT * FROM `sys_dict_data` WHERE `dict_code`='status = \'0\' and dict_type = ? order by dict_sort asc'
2020-02-24 09:57:24.606 [DEBU] [0 ms] SELECT * FROM `sys_dict_data` WHERE `dict_code`='status = \'0\' and dict_type = ? order by dict_sort asc'
2020-02-24 09:57:24.607 [DEBU] [0 ms] SELECT * FROM `sys_dict_data` WHERE `dict_code`='status = \'0\' and dict_type = ? order by dict_sort asc'
2020-02-24 09:58:33.833 [DEBU] [8 ms] SELECT * FROM `sys_job` WHERE job_id=1 LIMIT 1
2020-02-24 10:05:50.449 [DEBU] [2 ms] SELECT * FROM `sys_dict_data` WHERE `dict_code`='status = \'0\' and dict_type = ? order by dict_sort asc'
2020-02-24 10:05:51.809 [DEBU] [1 ms] SELECT * FROM `sys_dict_data` WHERE `dict_code`='status = \'0\' and dict_type = ? order by dict_sort asc'
2020-02-24 10:08:06.592 [DEBU] [1 ms] SELECT COUNT(1) FROM `sys_user`  WHERE phonenumber = '18983690292'
2020-02-24 10:29:14.561 [DEBU] [3 ms] SELECT * FROM `sys_dict_data` WHERE `dict_code`='status = \'0\' and dict_type = ? order by dict_sort asc'
2020-02-24 10:29:15.644 [DEBU] [0 ms] SELECT * FROM `sys_dict_data` WHERE `dict_code`='status = \'0\' and dict_type = ? order by dict_sort asc'
2020-02-24 10:29:15.736 [DEBU] [0 ms] SELECT * FROM `sys_dict_data` WHERE `dict_code`='status = \'0\' and dict_type = ? order by dict_sort asc'
2020-02-24 10:29:16.096 [DEBU] [0 ms] SELECT * FROM `sys_dict_data` WHERE `dict_code`='status = \'0\' and dict_type = ? order by dict_sort asc'
2020-02-24 10:29:16.176 [DEBU] [1 ms] SELECT * FROM `sys_dict_data` WHERE `dict_code`='status = \'0\' and dict_type = ? order by dict_sort asc'
2020-02-24 10:29:16.586 [DEBU] [0 ms] SELECT * FROM `sys_dict_data` WHERE `dict_code`='status = \'0\' and dict_type = ? order by dict_sort asc'
2020-02-24 10:29:16.672 [DEBU] [0 ms] SELECT * FROM `sys_dict_data` WHERE `dict_code`='status = \'0\' and dict_type = ? order by dict_sort asc'
2020-02-24 12:08:38.556 [DEBU] [5 ms] SELECT * FROM `sys_dict_data` WHERE `dict_code`='status = \'0\' and dict_type = ? order by dict_sort asc'
2020-02-24 12:08:38.663 [DEBU] [0 ms] SELECT * FROM `sys_dict_data` WHERE `dict_code`='status = \'0\' and dict_type = ? order by dict_sort asc'
2020-02-24 16:48:08.605 [DEBU] [11 ms] SELECT * FROM `sys_dict_data` WHERE `dict_code`='status = \'0\' and dict_type = ? order by dict_sort asc'
