2020-03-23 16:35:59.412 [DEBU] [8 ms] SELECT * FROM `sys_config` WHERE config_key='sys.resource.url' LIMIT 1
2020-03-23 16:37:05.978 [DEBU] [5 ms] SELECT * FROM `sys_user` WHERE login_name='admin' LIMIT 1
2020-03-23 16:37:05.982 [DEBU] [3 ms] INSERT INTO `sys_user_online`(`ipaddr`,`login_location`,`os`,`last_access_time`,`login_name`,`dept_name`,`status`,`start_timestamp`,`expire_time`,`sessionId`,`browser`) VALUES('127.0.0.1','内网IP','Intel Mac OS X 10_15_1','2020-03-23 16:37:05','admin','','on_line','2020-03-23 16:37:05',1440,'C1I2TCLNKRXCKYTGIK','Chrome') 
2020-03-23 16:37:05.984 [DEBU] [2 ms] INSERT INTO `sys_logininfor`(`info_id`,`login_name`,`ipaddr`,`status`,`msg`,`login_location`,`browser`,`os`,`login_time`) VALUES(0,'admin','127.0.0.1','0','登陆成功','内网IP','Chrome','Intel Mac OS X 10_15_1','2020-03-23 16:37:05') 
2020-03-23 16:37:06.028 [DEBU] [2 ms] SELECT * FROM `sys_config` WHERE config_key='sys.index.sideTheme' LIMIT 1
2020-03-23 16:37:06.035 [DEBU] [6 ms] SELECT * FROM `sys_config` WHERE config_key='sys.index.skinName' LIMIT 1
2020-03-23 16:38:07.988 [DEBU] [4 ms] SHOW FULL COLUMNS FROM `sys_dict_data`
2020-03-23 16:38:07.989 [DEBU] [0 ms] SELECT * FROM `sys_dict_data` WHERE `dict_code`='status = \'0\' and dict_type = ? order by dict_sort asc'
2020-03-23 16:38:12.201 [DEBU] [3 ms] INSERT INTO `sys_oper_log`(`status`,`operator_type`,`dept_name`,`oper_url`,`oper_ip`,`oper_location`,`oper_param`,`json_result`,`business_type`,`request_method`,`method`,`error_msg`,`oper_time`,`oper_id`,`title`,`oper_name`) VALUES(0,1,'运维部门','/demo/operate/edit','127.0.0.1','内网IP','{"UserId":1}','{"code":0,"msg":"操作成功","data":{"userId":1,"userCode":"1000001","userPhone":"15888888888","userEmail":"111@qq.com","userBalance":100,"status":"0","createTime":"2020-01-12 02:02:02"},"otype":0}',0,'POST','/demo/operate/edit','','2020-03-23 16:38:12',0,'demo演示','admin') 
2020-03-23 16:38:14.495 [DEBU] [1 ms] INSERT INTO `sys_oper_log`(`oper_name`,`oper_id`,`business_type`,`operator_type`,`status`,`error_msg`,`title`,`method`,`request_method`,`dept_name`,`oper_url`,`oper_location`,`oper_param`,`oper_ip`,`json_result`,`oper_time`) VALUES('admin',0,0,1,0,'','demo演示','/demo/operate/edit','POST','运维部门','/demo/operate/edit','内网IP','{"UserId":1}','127.0.0.1','{"code":0,"msg":"操作成功","data":{"userId":1,"userCode":"1000001","userPhone":"15888888888","userEmail":"111@qq.com","userBalance":100,"status":"0","createTime":"2020-01-12 02:02:02"},"otype":0}','2020-03-23 16:38:14') 
2020-03-23 16:38:53.857 [DEBU] [1 ms] SELECT * FROM `sys_dict_data` WHERE `dict_code`='status = \'0\' and dict_type = ? order by dict_sort asc'
2020-03-23 16:39:15.413 [DEBU] [1 ms] SELECT * FROM `sys_dict_data` WHERE `dict_code`='status = \'0\' and dict_type = ? order by dict_sort asc'
2020-03-23 16:39:24.294 [DEBU] [1 ms] SELECT * FROM `sys_dict_data` WHERE `dict_code`='status = \'0\' and dict_type = ? order by dict_sort asc'
2020-03-23 16:39:32.600 [DEBU] [1 ms] SELECT * FROM `sys_dict_data` WHERE `dict_code`='status = \'0\' and dict_type = ? order by dict_sort asc'
2020-03-23 16:39:48.240 [DEBU] [0 ms] SELECT * FROM `sys_dict_data` WHERE `dict_code`='status = \'0\' and dict_type = ? order by dict_sort asc'
2020-03-23 16:39:52.956 [DEBU] [0 ms] SELECT * FROM `sys_dict_data` WHERE `dict_code`='status = \'0\' and dict_type = ? order by dict_sort asc'
2020-03-23 16:40:55.261 [DEBU] [0 ms] SELECT * FROM `sys_dict_data` WHERE `dict_code`='status = \'0\' and dict_type = ? order by dict_sort asc'
2020-03-23 16:40:58.199 [DEBU] [0 ms] SELECT * FROM `sys_dict_data` WHERE `dict_code`='status = \'0\' and dict_type = ? order by dict_sort asc'
2020-03-23 16:41:02.971 [DEBU] [1 ms] SELECT * FROM `sys_dict_data` WHERE `dict_code`='status = \'0\' and dict_type = ? order by dict_sort asc'
2020-03-23 16:41:11.809 [DEBU] [1 ms] SELECT * FROM `sys_dict_data` WHERE `dict_code`='status = \'0\' and dict_type = ? order by dict_sort asc'
2020-03-23 16:41:16.534 [DEBU] [4 ms] SELECT * FROM `sys_dict_data` WHERE `dict_code`='status = \'0\' and dict_type = ? order by dict_sort asc'
2020-03-23 16:41:17.264 [DEBU] [0 ms] SELECT * FROM `sys_dict_data` WHERE `dict_code`='status = \'0\' and dict_type = ? order by dict_sort asc'
2020-03-23 16:41:18.521 [DEBU] [1 ms] SELECT * FROM `sys_dict_data` WHERE `dict_code`='status = \'0\' and dict_type = ? order by dict_sort asc'
2020-03-23 16:41:22.619 [DEBU] [5 ms] DELETE FROM `sys_user_online` WHERE sessionId not in ('C1I2TCLNKRXCKYTGIK')
2020-03-23 16:41:27.478 [DEBU] [1 ms] SELECT * FROM `sys_dict_data` WHERE `dict_code`='status = \'0\' and dict_type = ? order by dict_sort asc'
2020-03-23 16:41:27.480 [DEBU] [0 ms] SELECT * FROM `sys_dict_data` WHERE `dict_code`='status = \'0\' and dict_type = ? order by dict_sort asc'
2020-03-23 16:41:27.482 [DEBU] [1 ms] SELECT * FROM `sys_dict_data` WHERE `dict_code`='status = \'0\' and dict_type = ? order by dict_sort asc'
2020-03-23 16:41:32.524 [DEBU] [1 ms] SELECT * FROM `sys_dict_data` WHERE `dict_code`='status = \'0\' and dict_type = ? order by dict_sort asc'
2020-03-23 16:41:32.526 [DEBU] [0 ms] SELECT * FROM `sys_dict_data` WHERE `dict_code`='status = \'0\' and dict_type = ? order by dict_sort asc'
2020-03-23 16:41:32.527 [DEBU] [0 ms] SELECT * FROM `sys_dict_data` WHERE `dict_code`='status = \'0\' and dict_type = ? order by dict_sort asc'
2020-03-23 16:41:33.828 [DEBU] [1 ms] SELECT * FROM `sys_dict_data` WHERE `dict_code`='status = \'0\' and dict_type = ? order by dict_sort asc'
2020-03-23 16:41:33.830 [DEBU] [1 ms] SELECT * FROM `sys_dict_data` WHERE `dict_code`='status = \'0\' and dict_type = ? order by dict_sort asc'
2020-03-23 16:41:57.624 [DEBU] [1 ms] SELECT * FROM `sys_dict_data` WHERE `dict_code`='status = \'0\' and dict_type = ? order by dict_sort asc'
2020-03-23 16:42:01.734 [DEBU] [1 ms] SELECT * FROM `sys_dict_data` WHERE `dict_code`='status = \'0\' and dict_type = ? order by dict_sort asc'
2020-03-23 16:42:03.226 [DEBU] [1 ms] SELECT * FROM `sys_dict_data` WHERE `dict_code`='status = \'0\' and dict_type = ? order by dict_sort asc'
2020-03-23 16:42:03.227 [DEBU] [0 ms] SELECT * FROM `sys_dict_data` WHERE `dict_code`='status = \'0\' and dict_type = ? order by dict_sort asc'
2020-03-23 16:42:04.482 [DEBU] [17 ms] SELECT * FROM `sys_dict_data` WHERE `dict_code`='status = \'0\' and dict_type = ? order by dict_sort asc'
2020-03-23 16:42:04.488 [DEBU] [3 ms] SELECT * FROM `sys_dict_data` WHERE `dict_code`='status = \'0\' and dict_type = ? order by dict_sort asc'
2020-03-23 16:42:46.978 [DEBU] [1 ms] SELECT * FROM `sys_dict_data` WHERE `dict_code`='status = \'0\' and dict_type = ? order by dict_sort asc'
2020-03-23 16:42:46.981 [DEBU] [0 ms] SELECT * FROM `sys_dict_data` WHERE `dict_code`='status = \'0\' and dict_type = ? order by dict_sort asc'
2020-03-23 16:42:49.135 [DEBU] [1 ms] SELECT * FROM `sys_dict_data` WHERE `dict_code`='status = \'0\' and dict_type = ? order by dict_sort asc'
