2020-03-02 20:31:47.092 86259: http server started listening on [:8199]

  SERVER  | DOMAIN  | ADDRESS | METHOD |                   ROUTE                   |                            HANDLER                            |   MIDDLEWARE     
|---------|---------|---------|--------|-------------------------------------------|---------------------------------------------------------------|-----------------|
  default | default | :8199   | ALL    | /                                         | yj-app/app/controller/hello.Hello                             |                  
|---------|---------|---------|--------|-------------------------------------------|---------------------------------------------------------------|-----------------|
  default | default | :8199   | ALL    | /403                                      | yj-app/app/controller/system/error.Unauth                     |                  
|---------|---------|---------|--------|-------------------------------------------|---------------------------------------------------------------|-----------------|
  default | default | :8199   | ALL    | /404                                      | yj-app/app/controller/system/error.NotFound                   |                  
|---------|---------|---------|--------|-------------------------------------------|---------------------------------------------------------------|-----------------|
  default | default | :8199   | ALL    | /500                                      | yj-app/app/controller/system/error.Error                      |                  
|---------|---------|---------|--------|-------------------------------------------|---------------------------------------------------------------|-----------------|
  default | default | :8199   | GET    | /api/index                                | yj-app/app/controller/api.Index                               |                  
|---------|---------|---------|--------|-------------------------------------------|---------------------------------------------------------------|-----------------|
  default | default | :8199   | ALL    | /captchaImage                             | yj-app/app/controller/system/index.CaptchaImage               |                  
|---------|---------|---------|--------|-------------------------------------------|---------------------------------------------------------------|-----------------|
  default | default | :8199   | ALL    | /checklogin                               | yj-app/app/controller/system/index.CheckLogin                 |                  
|---------|---------|---------|--------|-------------------------------------------|---------------------------------------------------------------|-----------------|
  default | default | :8199   | ALL    | /demo/form/autocomplete                   | yj-app/app/controller/demo/form.Autocomplete                  |                  
|---------|---------|---------|--------|-------------------------------------------|---------------------------------------------------------------|-----------------|
  default | default | :8199   | ALL    | /demo/form/basic                          | yj-app/app/controller/demo/form.Basic                         |                  
|---------|---------|---------|--------|-------------------------------------------|---------------------------------------------------------------|-----------------|
  default | default | :8199   | ALL    | /demo/form/button                         | yj-app/app/controller/demo/form.Button                        |                  
|---------|---------|---------|--------|-------------------------------------------|---------------------------------------------------------------|-----------------|
  default | default | :8199   | ALL    | /demo/form/cards                          | yj-app/app/controller/demo/form.Cards                         |                  
|---------|---------|---------|--------|-------------------------------------------|---------------------------------------------------------------|-----------------|
  default | default | :8199   | ALL    | /demo/form/datetime                       | yj-app/app/controller/demo/form.Datetime                      |                  
|---------|---------|---------|--------|-------------------------------------------|---------------------------------------------------------------|-----------------|
  default | default | :8199   | ALL    | /demo/form/duallistbox                    | yj-app/app/controller/demo/form.Duallistbox                   |                  
|---------|---------|---------|--------|-------------------------------------------|---------------------------------------------------------------|-----------------|
  default | default | :8199   | ALL    | /demo/form/grid                           | yj-app/app/controller/demo/form.Grid                          |                  
|---------|---------|---------|--------|-------------------------------------------|---------------------------------------------------------------|-----------------|
  default | default | :8199   | ALL    | /demo/form/jasny                          | yj-app/app/controller/demo/form.Jasny                         |                  
|---------|---------|---------|--------|-------------------------------------------|---------------------------------------------------------------|-----------------|
  default | default | :8199   | ALL    | /demo/form/select                         | yj-app/app/controller/demo/form.Select                        |                  
|---------|---------|---------|--------|-------------------------------------------|---------------------------------------------------------------|-----------------|
  default | default | :8199   | ALL    | /demo/form/sortable                       | yj-app/app/controller/demo/form.Sortable                      |                  
|---------|---------|---------|--------|-------------------------------------------|---------------------------------------------------------------|-----------------|
  default | default | :8199   | ALL    | /demo/form/summernote                     | yj-app/app/controller/demo/form.Summernote                    |                  
|---------|---------|---------|--------|-------------------------------------------|---------------------------------------------------------------|-----------------|
  default | default | :8199   | ALL    | /demo/form/tabs_panels                    | yj-app/app/controller/demo/form.Tabs_panels                   |                  
|---------|---------|---------|--------|-------------------------------------------|---------------------------------------------------------------|-----------------|
  default | default | :8199   | ALL    | /demo/form/timeline                       | yj-app/app/controller/demo/form.Timeline                      |                  
|---------|---------|---------|--------|-------------------------------------------|---------------------------------------------------------------|-----------------|
  default | default | :8199   | ALL    | /demo/form/upload                         | yj-app/app/controller/demo/form.Upload                        |                  
|---------|---------|---------|--------|-------------------------------------------|---------------------------------------------------------------|-----------------|
  default | default | :8199   | ALL    | /demo/form/validate                       | yj-app/app/controller/demo/form.Validate                      |                  
|---------|---------|---------|--------|-------------------------------------------|---------------------------------------------------------------|-----------------|
  default | default | :8199   | ALL    | /demo/form/wizard                         | yj-app/app/controller/demo/form.Wizard                        |                  
|---------|---------|---------|--------|-------------------------------------------|---------------------------------------------------------------|-----------------|
  default | default | :8199   | ALL    | /demo/icon/fontawesome                    | yj-app/app/controller/demo/icon.Fontawesome                   |                  
|---------|---------|---------|--------|-------------------------------------------|---------------------------------------------------------------|-----------------|
  default | default | :8199   | ALL    | /demo/icon/glyphicons                     | yj-app/app/controller/demo/icon.Glyphicons                    |                  
|---------|---------|---------|--------|-------------------------------------------|---------------------------------------------------------------|-----------------|
  default | default | :8199   | ALL    | /demo/modal/check                         | yj-app/app/controller/demo/modal.Check                        |                  
|---------|---------|---------|--------|-------------------------------------------|---------------------------------------------------------------|-----------------|
  default | default | :8199   | ALL    | /demo/modal/dialog                        | yj-app/app/controller/demo/modal.Dialog                       |                  
|---------|---------|---------|--------|-------------------------------------------|---------------------------------------------------------------|-----------------|
  default | default | :8199   | ALL    | /demo/modal/form                          | yj-app/app/controller/demo/modal.Form                         |                  
|---------|---------|---------|--------|-------------------------------------------|---------------------------------------------------------------|-----------------|
  default | default | :8199   | ALL    | /demo/modal/layer                         | yj-app/app/controller/demo/modal.Layer                        |                  
|---------|---------|---------|--------|-------------------------------------------|---------------------------------------------------------------|-----------------|
  default | default | :8199   | ALL    | /demo/modal/parent                        | yj-app/app/controller/demo/modal.Parent                       |                  
|---------|---------|---------|--------|-------------------------------------------|---------------------------------------------------------------|-----------------|
  default | default | :8199   | ALL    | /demo/modal/radio                         | yj-app/app/controller/demo/modal.Radio                        |                  
|---------|---------|---------|--------|-------------------------------------------|---------------------------------------------------------------|-----------------|
  default | default | :8199   | ALL    | /demo/modal/table                         | yj-app/app/controller/demo/modal.Table                        |                  
|---------|---------|---------|--------|-------------------------------------------|---------------------------------------------------------------|-----------------|
  default | default | :8199   | ALL    | /demo/operate/add                         | yj-app/app/controller/demo/operate.Add                        |                  
|---------|---------|---------|--------|-------------------------------------------|---------------------------------------------------------------|-----------------|
  default | default | :8199   | ALL    | /demo/operate/detail                      | yj-app/app/controller/demo/operate.Detail                     |                  
|---------|---------|---------|--------|-------------------------------------------|---------------------------------------------------------------|-----------------|
  default | default | :8199   | GET    | /demo/operate/edit                        | yj-app/app/controller/demo/operate.Edit                       |                  
|---------|---------|---------|--------|-------------------------------------------|---------------------------------------------------------------|-----------------|
  default | default | :8199   | POST   | /demo/operate/edit                        | yj-app/app/controller/demo/operate.EditSave                   |                  
|---------|---------|---------|--------|-------------------------------------------|---------------------------------------------------------------|-----------------|
  default | default | :8199   | ALL    | /demo/operate/list                        | yj-app/app/controller/demo/operate.List                       |                  
|---------|---------|---------|--------|-------------------------------------------|---------------------------------------------------------------|-----------------|
  default | default | :8199   | ALL    | /demo/operate/other                       | yj-app/app/controller/demo/operate.Other                      |                  
|---------|---------|---------|--------|-------------------------------------------|---------------------------------------------------------------|-----------------|
  default | default | :8199   | ALL    | /demo/operate/table                       | yj-app/app/controller/demo/operate.Table                      |                  
|---------|---------|---------|--------|-------------------------------------------|---------------------------------------------------------------|-----------------|
  default | default | :8199   | ALL    | /demo/report/echarts                      | yj-app/app/controller/demo/report.Echarts                     |                  
|---------|---------|---------|--------|-------------------------------------------|---------------------------------------------------------------|-----------------|
  default | default | :8199   | ALL    | /demo/report/metrics                      | yj-app/app/controller/demo/report.Metrics                     |                  
|---------|---------|---------|--------|-------------------------------------------|---------------------------------------------------------------|-----------------|
  default | default | :8199   | ALL    | /demo/report/peity                        | yj-app/app/controller/demo/report.Peity                       |                  
|---------|---------|---------|--------|-------------------------------------------|---------------------------------------------------------------|-----------------|
  default | default | :8199   | ALL    | /demo/report/sparkline                    | yj-app/app/controller/demo/report.Sparkline                   |                  
|---------|---------|---------|--------|-------------------------------------------|---------------------------------------------------------------|-----------------|
  default | default | :8199   | ALL    | /demo/table/button                        | yj-app/app/controller/demo/table.Button                       |                  
|---------|---------|---------|--------|-------------------------------------------|---------------------------------------------------------------|-----------------|
  default | default | :8199   | ALL    | /demo/table/child                         | yj-app/app/controller/demo/table.Child                        |                  
|---------|---------|---------|--------|-------------------------------------------|---------------------------------------------------------------|-----------------|
  default | default | :8199   | ALL    | /demo/table/curd                          | yj-app/app/controller/demo/table.Curd                         |                  
|---------|---------|---------|--------|-------------------------------------------|---------------------------------------------------------------|-----------------|
  default | default | :8199   | ALL    | /demo/table/detail                        | yj-app/app/controller/demo/table.Detail                       |                  
|---------|---------|---------|--------|-------------------------------------------|---------------------------------------------------------------|-----------------|
  default | default | :8199   | ALL    | /demo/table/editable                      | yj-app/app/controller/demo/table.Editable                     |                  
|---------|---------|---------|--------|-------------------------------------------|---------------------------------------------------------------|-----------------|
  default | default | :8199   | ALL    | /demo/table/event                         | yj-app/app/controller/demo/table.Event                        |                  
|---------|---------|---------|--------|-------------------------------------------|---------------------------------------------------------------|-----------------|
  default | default | :8199   | ALL    | /demo/table/export                        | yj-app/app/controller/demo/table.Export                       |                  
|---------|---------|---------|--------|-------------------------------------------|---------------------------------------------------------------|-----------------|
  default | default | :8199   | ALL    | /demo/table/fixedColumns                  | yj-app/app/controller/demo/table.FixedColumns                 |                  
|---------|---------|---------|--------|-------------------------------------------|---------------------------------------------------------------|-----------------|
  default | default | :8199   | ALL    | /demo/table/footer                        | yj-app/app/controller/demo/table.Footer                       |                  
|---------|---------|---------|--------|-------------------------------------------|---------------------------------------------------------------|-----------------|
  default | default | :8199   | ALL    | /demo/table/groupHeader                   | yj-app/app/controller/demo/table.GroupHeader                  |                  
|---------|---------|---------|--------|-------------------------------------------|---------------------------------------------------------------|-----------------|
  default | default | :8199   | ALL    | /demo/table/image                         | yj-app/app/controller/demo/table.Image                        |                  
|---------|---------|---------|--------|-------------------------------------------|---------------------------------------------------------------|-----------------|
  default | default | :8199   | ALL    | /demo/table/list                          | yj-app/app/controller/demo/table.List                         |                  
|---------|---------|---------|--------|-------------------------------------------|---------------------------------------------------------------|-----------------|
  default | default | :8199   | ALL    | /demo/table/multi                         | yj-app/app/controller/demo/table.Multi                        |                  
|---------|---------|---------|--------|-------------------------------------------|---------------------------------------------------------------|-----------------|
  default | default | :8199   | ALL    | /demo/table/other                         | yj-app/app/controller/demo/table.Other                        |                  
|---------|---------|---------|--------|-------------------------------------------|---------------------------------------------------------------|-----------------|
  default | default | :8199   | ALL    | /demo/table/pageGo                        | yj-app/app/controller/demo/table.PageGo                       |                  
|---------|---------|---------|--------|-------------------------------------------|---------------------------------------------------------------|-----------------|
  default | default | :8199   | ALL    | /demo/table/params                        | yj-app/app/controller/demo/table.Params                       |                  
|---------|---------|---------|--------|-------------------------------------------|---------------------------------------------------------------|-----------------|
  default | default | :8199   | ALL    | /demo/table/recorder                      | yj-app/app/controller/demo/table.Recorder                     |                  
|---------|---------|---------|--------|-------------------------------------------|---------------------------------------------------------------|-----------------|
  default | default | :8199   | ALL    | /demo/table/remember                      | yj-app/app/controller/demo/table.Remember                     |                  
|---------|---------|---------|--------|-------------------------------------------|---------------------------------------------------------------|-----------------|
  default | default | :8199   | ALL    | /demo/table/search                        | yj-app/app/controller/demo/table.Search                       |                  
|---------|---------|---------|--------|-------------------------------------------|---------------------------------------------------------------|-----------------|
  default | default | :8199   | ALL    | /index                                    | yj-app/app/controller/system/index.Index                      |                  
|---------|---------|---------|--------|-------------------------------------------|---------------------------------------------------------------|-----------------|
  default | default | :8199   | ALL    | /login                                    | yj-app/app/controller/system/index.Login                      |                  
|---------|---------|---------|--------|-------------------------------------------|---------------------------------------------------------------|-----------------|
  default | default | :8199   | ALL    | /logout                                   | yj-app/app/controller/system/index.Logout                     |                  
|---------|---------|---------|--------|-------------------------------------------|---------------------------------------------------------------|-----------------|
  default | default | :8199   | GET    | /monitor/job                              | yj-app/app/controller/monitor/job.List                        | middleware.Auth  
|---------|---------|---------|--------|-------------------------------------------|---------------------------------------------------------------|-----------------|
  default | default | :8199   | GET    | /monitor/job/add                          | yj-app/app/controller/monitor/job.Add                         | middleware.Auth  
|---------|---------|---------|--------|-------------------------------------------|---------------------------------------------------------------|-----------------|
  default | default | :8199   | POST   | /monitor/job/add                          | yj-app/app/controller/monitor/job.AddSave                     | middleware.Auth  
|---------|---------|---------|--------|-------------------------------------------|---------------------------------------------------------------|-----------------|
  default | default | :8199   | GET    | /monitor/job/detail                       | yj-app/app/controller/monitor/job.Detail                      | middleware.Auth  
|---------|---------|---------|--------|-------------------------------------------|---------------------------------------------------------------|-----------------|
  default | default | :8199   | POST   | /monitor/job/detailLog                    | yj-app/app/controller/monitor/job.DetailLog                   | middleware.Auth  
|---------|---------|---------|--------|-------------------------------------------|---------------------------------------------------------------|-----------------|
  default | default | :8199   | GET    | /monitor/job/edit                         | yj-app/app/controller/monitor/job.Edit                        | middleware.Auth  
|---------|---------|---------|--------|-------------------------------------------|---------------------------------------------------------------|-----------------|
  default | default | :8199   | POST   | /monitor/job/edit                         | yj-app/app/controller/monitor/job.EditSave                    | middleware.Auth  
|---------|---------|---------|--------|-------------------------------------------|---------------------------------------------------------------|-----------------|
  default | default | :8199   | ALL    | /monitor/job/export                       | yj-app/app/controller/monitor/job.Export                      | middleware.Auth  
|---------|---------|---------|--------|-------------------------------------------|---------------------------------------------------------------|-----------------|
  default | default | :8199   | GET    | /monitor/job/jobLog                       | yj-app/app/controller/monitor/job.LogList                     | middleware.Auth  
|---------|---------|---------|--------|-------------------------------------------|---------------------------------------------------------------|-----------------|
  default | default | :8199   | POST   | /monitor/job/jobLog                       | yj-app/app/controller/monitor/job.LogListAjax                 | middleware.Auth  
|---------|---------|---------|--------|-------------------------------------------|---------------------------------------------------------------|-----------------|
  default | default | :8199   | POST   | /monitor/job/list                         | yj-app/app/controller/monitor/job.ListAjax                    | middleware.Auth  
|---------|---------|---------|--------|-------------------------------------------|---------------------------------------------------------------|-----------------|
  default | default | :8199   | POST   | /monitor/job/remove                       | yj-app/app/controller/monitor/job.Remove                      | middleware.Auth  
|---------|---------|---------|--------|-------------------------------------------|---------------------------------------------------------------|-----------------|
  default | default | :8199   | POST   | /monitor/job/start                        | yj-app/app/controller/monitor/job.Start                       | middleware.Auth  
|---------|---------|---------|--------|-------------------------------------------|---------------------------------------------------------------|-----------------|
  default | default | :8199   | POST   | /monitor/job/stop                         | yj-app/app/controller/monitor/job.Stop                        | middleware.Auth  
|---------|---------|---------|--------|-------------------------------------------|---------------------------------------------------------------|-----------------|
  default | default | :8199   | GET    | /monitor/jobLog                           | yj-app/app/controller/monitor/job.LogList                     | middleware.Auth  
|---------|---------|---------|--------|-------------------------------------------|---------------------------------------------------------------|-----------------|
  default | default | :8199   | ALL    | /monitor/jobLog/export                    | yj-app/app/controller/monitor/job.Export                      | middleware.Auth  
|---------|---------|---------|--------|-------------------------------------------|---------------------------------------------------------------|-----------------|
  default | default | :8199   | POST   | /monitor/jobLog/list                      | yj-app/app/controller/monitor/job.LogListAjax                 | middleware.Auth  
|---------|---------|---------|--------|-------------------------------------------|---------------------------------------------------------------|-----------------|
  default | default | :8199   | POST   | /monitor/jobLog/remove                    | yj-app/app/controller/monitor/job.Remove                      | middleware.Auth  
|---------|---------|---------|--------|-------------------------------------------|---------------------------------------------------------------|-----------------|
  default | default | :8199   | GET    | /monitor/logininfor                       | yj-app/app/controller/monitor/logininfor.List                 | middleware.Auth  
|---------|---------|---------|--------|-------------------------------------------|---------------------------------------------------------------|-----------------|
  default | default | :8199   | POST   | /monitor/logininfor/clean                 | yj-app/app/controller/monitor/logininfor.Clean                | middleware.Auth  
|---------|---------|---------|--------|-------------------------------------------|---------------------------------------------------------------|-----------------|
  default | default | :8199   | ALL    | /monitor/logininfor/export                | yj-app/app/controller/monitor/logininfor.Export               | middleware.Auth  
|---------|---------|---------|--------|-------------------------------------------|---------------------------------------------------------------|-----------------|
  default | default | :8199   | POST   | /monitor/logininfor/list                  | yj-app/app/controller/monitor/logininfor.ListAjax             | middleware.Auth  
|---------|---------|---------|--------|-------------------------------------------|---------------------------------------------------------------|-----------------|
  default | default | :8199   | POST   | /monitor/logininfor/remove                | yj-app/app/controller/monitor/logininfor.Remove               | middleware.Auth  
|---------|---------|---------|--------|-------------------------------------------|---------------------------------------------------------------|-----------------|
  default | default | :8199   | POST   | /monitor/logininfor/unlock                | yj-app/app/controller/monitor/logininfor.Unlock               | middleware.Auth  
|---------|---------|---------|--------|-------------------------------------------|---------------------------------------------------------------|-----------------|
  default | default | :8199   | GET    | /monitor/online                           | yj-app/app/controller/monitor/online.List                     | middleware.Auth  
|---------|---------|---------|--------|-------------------------------------------|---------------------------------------------------------------|-----------------|
  default | default | :8199   | POST   | /monitor/online/batchForceLogout          | yj-app/app/controller/monitor/online.BatchForceLogout         | middleware.Auth  
|---------|---------|---------|--------|-------------------------------------------|---------------------------------------------------------------|-----------------|
  default | default | :8199   | POST   | /monitor/online/forceLogout               | yj-app/app/controller/monitor/online.ForceLogout              | middleware.Auth  
|---------|---------|---------|--------|-------------------------------------------|---------------------------------------------------------------|-----------------|
  default | default | :8199   | POST   | /monitor/online/list                      | yj-app/app/controller/monitor/online.ListAjax                 | middleware.Auth  
|---------|---------|---------|--------|-------------------------------------------|---------------------------------------------------------------|-----------------|
  default | default | :8199   | GET    | /monitor/operlog                          | yj-app/app/controller/monitor/operlog.List                    | middleware.Auth  
|---------|---------|---------|--------|-------------------------------------------|---------------------------------------------------------------|-----------------|
  default | default | :8199   | POST   | /monitor/operlog/clean                    | yj-app/app/controller/monitor/operlog.Clean                   | middleware.Auth  
|---------|---------|---------|--------|-------------------------------------------|---------------------------------------------------------------|-----------------|
  default | default | :8199   | GET    | /monitor/operlog/detail                   | yj-app/app/controller/monitor/operlog.Detail                  | middleware.Auth  
|---------|---------|---------|--------|-------------------------------------------|---------------------------------------------------------------|-----------------|
  default | default | :8199   | ALL    | /monitor/operlog/export                   | yj-app/app/controller/monitor/operlog.Export                  | middleware.Auth  
|---------|---------|---------|--------|-------------------------------------------|---------------------------------------------------------------|-----------------|
  default | default | :8199   | POST   | /monitor/operlog/list                     | yj-app/app/controller/monitor/operlog.ListAjax                | middleware.Auth  
|---------|---------|---------|--------|-------------------------------------------|---------------------------------------------------------------|-----------------|
  default | default | :8199   | POST   | /monitor/operlog/remove                   | yj-app/app/controller/monitor/operlog.Remove                  | middleware.Auth  
|---------|---------|---------|--------|-------------------------------------------|---------------------------------------------------------------|-----------------|
  default | default | :8199   | GET    | /monitor/server                           | yj-app/app/controller/monitor/server.Server                   | middleware.Auth  
|---------|---------|---------|--------|-------------------------------------------|---------------------------------------------------------------|-----------------|
  default | default | :8199   | GET    | /system/config                            | yj-app/app/controller/system/config.List                      | middleware.Auth  
|---------|---------|---------|--------|-------------------------------------------|---------------------------------------------------------------|-----------------|
  default | default | :8199   | GET    | /system/config/add                        | yj-app/app/controller/system/config.Add                       | middleware.Auth  
|---------|---------|---------|--------|-------------------------------------------|---------------------------------------------------------------|-----------------|
  default | default | :8199   | POST   | /system/config/add                        | yj-app/app/controller/system/config.AddSave                   | middleware.Auth  
|---------|---------|---------|--------|-------------------------------------------|---------------------------------------------------------------|-----------------|
  default | default | :8199   | POST   | /system/config/checkConfigKeyUnique       | yj-app/app/controller/system/config.CheckConfigKeyUnique      | middleware.Auth  
|---------|---------|---------|--------|-------------------------------------------|---------------------------------------------------------------|-----------------|
  default | default | :8199   | POST   | /system/config/checkConfigKeyUniqueAll    | yj-app/app/controller/system/config.CheckConfigKeyUniqueAll   | middleware.Auth  
|---------|---------|---------|--------|-------------------------------------------|---------------------------------------------------------------|-----------------|
  default | default | :8199   | GET    | /system/config/edit                       | yj-app/app/controller/system/config.Edit                      | middleware.Auth  
|---------|---------|---------|--------|-------------------------------------------|---------------------------------------------------------------|-----------------|
  default | default | :8199   | POST   | /system/config/edit                       | yj-app/app/controller/system/config.EditSave                  | middleware.Auth  
|---------|---------|---------|--------|-------------------------------------------|---------------------------------------------------------------|-----------------|
  default | default | :8199   | ALL    | /system/config/export                     | yj-app/app/controller/system/config.Export                    | middleware.Auth  
|---------|---------|---------|--------|-------------------------------------------|---------------------------------------------------------------|-----------------|
  default | default | :8199   | POST   | /system/config/list                       | yj-app/app/controller/system/config.ListAjax                  | middleware.Auth  
|---------|---------|---------|--------|-------------------------------------------|---------------------------------------------------------------|-----------------|
  default | default | :8199   | POST   | /system/config/remove                     | yj-app/app/controller/system/config.Remove                    | middleware.Auth  
|---------|---------|---------|--------|-------------------------------------------|---------------------------------------------------------------|-----------------|
  default | default | :8199   | GET    | /system/dept                              | yj-app/app/controller/system/dept.List                        | middleware.Auth  
|---------|---------|---------|--------|-------------------------------------------|---------------------------------------------------------------|-----------------|
  default | default | :8199   | GET    | /system/dept/add                          | yj-app/app/controller/system/dept.Add                         | middleware.Auth  
|---------|---------|---------|--------|-------------------------------------------|---------------------------------------------------------------|-----------------|
  default | default | :8199   | POST   | /system/dept/add                          | yj-app/app/controller/system/dept.AddSave                     | middleware.Auth  
|---------|---------|---------|--------|-------------------------------------------|---------------------------------------------------------------|-----------------|
  default | default | :8199   | POST   | /system/dept/checkDeptNameUnique          | yj-app/app/controller/system/dept.CheckDeptNameUnique         | middleware.Auth  
|---------|---------|---------|--------|-------------------------------------------|---------------------------------------------------------------|-----------------|
  default | default | :8199   | POST   | /system/dept/checkDeptNameUniqueAll       | yj-app/app/controller/system/dept.CheckDeptNameUniqueAll      | middleware.Auth  
|---------|---------|---------|--------|-------------------------------------------|---------------------------------------------------------------|-----------------|
  default | default | :8199   | GET    | /system/dept/edit                         | yj-app/app/controller/system/dept.Edit                        | middleware.Auth  
|---------|---------|---------|--------|-------------------------------------------|---------------------------------------------------------------|-----------------|
  default | default | :8199   | POST   | /system/dept/edit                         | yj-app/app/controller/system/dept.EditSave                    | middleware.Auth  
|---------|---------|---------|--------|-------------------------------------------|---------------------------------------------------------------|-----------------|
  default | default | :8199   | POST   | /system/dept/list                         | yj-app/app/controller/system/dept.ListAjax                    | middleware.Auth  
|---------|---------|---------|--------|-------------------------------------------|---------------------------------------------------------------|-----------------|
  default | default | :8199   | ALL    | /system/dept/remove                       | yj-app/app/controller/system/dept.Remove                      | middleware.Auth  
|---------|---------|---------|--------|-------------------------------------------|---------------------------------------------------------------|-----------------|
  default | default | :8199   | GET    | /system/dept/roleDeptTreeData             | yj-app/app/controller/system/dept.RoleDeptTreeData            | middleware.Auth  
|---------|---------|---------|--------|-------------------------------------------|---------------------------------------------------------------|-----------------|
  default | default | :8199   | GET    | /system/dept/selectDeptTree               | yj-app/app/controller/system/dept.SelectDeptTree              | middleware.Auth  
|---------|---------|---------|--------|-------------------------------------------|---------------------------------------------------------------|-----------------|
  default | default | :8199   | GET    | /system/dept/treeData                     | yj-app/app/controller/system/dept.TreeData                    | middleware.Auth  
|---------|---------|---------|--------|-------------------------------------------|---------------------------------------------------------------|-----------------|
  default | default | :8199   | GET    | /system/dict                              | yj-app/app/controller/system/dict_type.List                   | middleware.Auth  
|---------|---------|---------|--------|-------------------------------------------|---------------------------------------------------------------|-----------------|
  default | default | :8199   | GET    | /system/dict/add                          | yj-app/app/controller/system/dict_type.Add                    | middleware.Auth  
|---------|---------|---------|--------|-------------------------------------------|---------------------------------------------------------------|-----------------|
  default | default | :8199   | POST   | /system/dict/add                          | yj-app/app/controller/system/dict_type.AddSave                | middleware.Auth  
|---------|---------|---------|--------|-------------------------------------------|---------------------------------------------------------------|-----------------|
  default | default | :8199   | POST   | /system/dict/checkDictTypeUnique          | yj-app/app/controller/system/dict_type.CheckDictTypeUnique    | middleware.Auth  
|---------|---------|---------|--------|-------------------------------------------|---------------------------------------------------------------|-----------------|
  default | default | :8199   | POST   | /system/dict/checkDictTypeUniqueAll       | yj-app/app/controller/system/dict_type.CheckDictTypeUniqueAll | middleware.Auth  
|---------|---------|---------|--------|-------------------------------------------|---------------------------------------------------------------|-----------------|
  default | default | :8199   | GET    | /system/dict/data/add                     | yj-app/app/controller/system/dict_data.Add                    | middleware.Auth  
|---------|---------|---------|--------|-------------------------------------------|---------------------------------------------------------------|-----------------|
  default | default | :8199   | POST   | /system/dict/data/add                     | yj-app/app/controller/system/dict_data.AddSave                | middleware.Auth  
|---------|---------|---------|--------|-------------------------------------------|---------------------------------------------------------------|-----------------|
  default | default | :8199   | GET    | /system/dict/data/edit                    | yj-app/app/controller/system/dict_data.Edit                   | middleware.Auth  
|---------|---------|---------|--------|-------------------------------------------|---------------------------------------------------------------|-----------------|
  default | default | :8199   | POST   | /system/dict/data/edit                    | yj-app/app/controller/system/dict_data.EditSave               | middleware.Auth  
|---------|---------|---------|--------|-------------------------------------------|---------------------------------------------------------------|-----------------|
  default | default | :8199   | ALL    | /system/dict/data/export                  | yj-app/app/controller/system/dict_data.Export                 | middleware.Auth  
|---------|---------|---------|--------|-------------------------------------------|---------------------------------------------------------------|-----------------|
  default | default | :8199   | POST   | /system/dict/data/list                    | yj-app/app/controller/system/dict_data.ListAjax               | middleware.Auth  
|---------|---------|---------|--------|-------------------------------------------|---------------------------------------------------------------|-----------------|
  default | default | :8199   | POST   | /system/dict/data/remove                  | yj-app/app/controller/system/dict_data.Remove                 | middleware.Auth  
|---------|---------|---------|--------|-------------------------------------------|---------------------------------------------------------------|-----------------|
  default | default | :8199   | GET    | /system/dict/detail                       | yj-app/app/controller/system/dict_type.Detail                 | middleware.Auth  
|---------|---------|---------|--------|-------------------------------------------|---------------------------------------------------------------|-----------------|
  default | default | :8199   | GET    | /system/dict/edit                         | yj-app/app/controller/system/dict_type.Edit                   | middleware.Auth  
|---------|---------|---------|--------|-------------------------------------------|---------------------------------------------------------------|-----------------|
  default | default | :8199   | POST   | /system/dict/edit                         | yj-app/app/controller/system/dict_type.EditSave               | middleware.Auth  
|---------|---------|---------|--------|-------------------------------------------|---------------------------------------------------------------|-----------------|
  default | default | :8199   | ALL    | /system/dict/export                       | yj-app/app/controller/system/dict_type.Export                 | middleware.Auth  
|---------|---------|---------|--------|-------------------------------------------|---------------------------------------------------------------|-----------------|
  default | default | :8199   | POST   | /system/dict/list                         | yj-app/app/controller/system/dict_type.ListAjax               | middleware.Auth  
|---------|---------|---------|--------|-------------------------------------------|---------------------------------------------------------------|-----------------|
  default | default | :8199   | POST   | /system/dict/remove                       | yj-app/app/controller/system/dict_type.Remove                 | middleware.Auth  
|---------|---------|---------|--------|-------------------------------------------|---------------------------------------------------------------|-----------------|
  default | default | :8199   | GET    | /system/dict/selectDictTree               | yj-app/app/controller/system/dict_type.SelectDictTree         | middleware.Auth  
|---------|---------|---------|--------|-------------------------------------------|---------------------------------------------------------------|-----------------|
  default | default | :8199   | ALL    | /system/dict/treeData                     | yj-app/app/controller/system/dict_type.TreeData               | middleware.Auth  
|---------|---------|---------|--------|-------------------------------------------|---------------------------------------------------------------|-----------------|
  default | default | :8199   | ALL    | /system/download                          | yj-app/app/controller/system/index.Download                   |                  
|---------|---------|---------|--------|-------------------------------------------|---------------------------------------------------------------|-----------------|
  default | default | :8199   | ALL    | /system/main                              | yj-app/app/controller/system/index.Main                       |                  
|---------|---------|---------|--------|-------------------------------------------|---------------------------------------------------------------|-----------------|
  default | default | :8199   | GET    | /system/menu                              | yj-app/app/controller/system/menu.List                        | middleware.Auth  
|---------|---------|---------|--------|-------------------------------------------|---------------------------------------------------------------|-----------------|
  default | default | :8199   | GET    | /system/menu/add                          | yj-app/app/controller/system/menu.Add                         | middleware.Auth  
|---------|---------|---------|--------|-------------------------------------------|---------------------------------------------------------------|-----------------|
  default | default | :8199   | POST   | /system/menu/add                          | yj-app/app/controller/system/menu.AddSave                     | middleware.Auth  
|---------|---------|---------|--------|-------------------------------------------|---------------------------------------------------------------|-----------------|
  default | default | :8199   | POST   | /system/menu/checkMenuNameUnique          | yj-app/app/controller/system/menu.CheckMenuNameUnique         | middleware.Auth  
|---------|---------|---------|--------|-------------------------------------------|---------------------------------------------------------------|-----------------|
  default | default | :8199   | POST   | /system/menu/checkMenuNameUniqueAll       | yj-app/app/controller/system/menu.CheckMenuNameUniqueAll      | middleware.Auth  
|---------|---------|---------|--------|-------------------------------------------|---------------------------------------------------------------|-----------------|
  default | default | :8199   | GET    | /system/menu/edit                         | yj-app/app/controller/system/menu.Edit                        | middleware.Auth  
|---------|---------|---------|--------|-------------------------------------------|---------------------------------------------------------------|-----------------|
  default | default | :8199   | POST   | /system/menu/edit                         | yj-app/app/controller/system/menu.EditSave                    | middleware.Auth  
|---------|---------|---------|--------|-------------------------------------------|---------------------------------------------------------------|-----------------|
  default | default | :8199   | GET    | /system/menu/icon                         | yj-app/app/controller/system/menu.Icon                        | middleware.Auth  
|---------|---------|---------|--------|-------------------------------------------|---------------------------------------------------------------|-----------------|
  default | default | :8199   | POST   | /system/menu/list                         | yj-app/app/controller/system/menu.ListAjax                    | middleware.Auth  
|---------|---------|---------|--------|-------------------------------------------|---------------------------------------------------------------|-----------------|
  default | default | :8199   | ALL    | /system/menu/menuTreeData                 | yj-app/app/controller/system/menu.MenuTreeData                | middleware.Auth  
|---------|---------|---------|--------|-------------------------------------------|---------------------------------------------------------------|-----------------|
  default | default | :8199   | ALL    | /system/menu/remove                       | yj-app/app/controller/system/menu.Remove                      | middleware.Auth  
|---------|---------|---------|--------|-------------------------------------------|---------------------------------------------------------------|-----------------|
  default | default | :8199   | ALL    | /system/menu/roleMenuTreeData             | yj-app/app/controller/system/menu.RoleMenuTreeData            | middleware.Auth  
|---------|---------|---------|--------|-------------------------------------------|---------------------------------------------------------------|-----------------|
  default | default | :8199   | GET    | /system/menu/selectMenuTree               | yj-app/app/controller/system/menu.SelectMenuTree              | middleware.Auth  
|---------|---------|---------|--------|-------------------------------------------|---------------------------------------------------------------|-----------------|
  default | default | :8199   | GET    | /system/post                              | yj-app/app/controller/system/post.List                        | middleware.Auth  
|---------|---------|---------|--------|-------------------------------------------|---------------------------------------------------------------|-----------------|
  default | default | :8199   | GET    | /system/post/add                          | yj-app/app/controller/system/post.Add                         | middleware.Auth  
|---------|---------|---------|--------|-------------------------------------------|---------------------------------------------------------------|-----------------|
  default | default | :8199   | POST   | /system/post/add                          | yj-app/app/controller/system/post.AddSave                     | middleware.Auth  
|---------|---------|---------|--------|-------------------------------------------|---------------------------------------------------------------|-----------------|
  default | default | :8199   | POST   | /system/post/checkPostCodeUnique          | yj-app/app/controller/system/post.CheckPostCodeUnique         | middleware.Auth  
|---------|---------|---------|--------|-------------------------------------------|---------------------------------------------------------------|-----------------|
  default | default | :8199   | POST   | /system/post/checkPostCodeUniqueAll       | yj-app/app/controller/system/post.CheckPostCodeUniqueAll      | middleware.Auth  
|---------|---------|---------|--------|-------------------------------------------|---------------------------------------------------------------|-----------------|
  default | default | :8199   | POST   | /system/post/checkPostNameUnique          | yj-app/app/controller/system/post.CheckPostNameUnique         | middleware.Auth  
|---------|---------|---------|--------|-------------------------------------------|---------------------------------------------------------------|-----------------|
  default | default | :8199   | POST   | /system/post/checkPostNameUniqueAll       | yj-app/app/controller/system/post.CheckPostNameUniqueAll      | middleware.Auth  
|---------|---------|---------|--------|-------------------------------------------|---------------------------------------------------------------|-----------------|
  default | default | :8199   | GET    | /system/post/edit                         | yj-app/app/controller/system/post.Edit                        | middleware.Auth  
|---------|---------|---------|--------|-------------------------------------------|---------------------------------------------------------------|-----------------|
  default | default | :8199   | POST   | /system/post/edit                         | yj-app/app/controller/system/post.EditSave                    | middleware.Auth  
|---------|---------|---------|--------|-------------------------------------------|---------------------------------------------------------------|-----------------|
  default | default | :8199   | ALL    | /system/post/export                       | yj-app/app/controller/system/post.Export                      | middleware.Auth  
|---------|---------|---------|--------|-------------------------------------------|---------------------------------------------------------------|-----------------|
  default | default | :8199   | POST   | /system/post/list                         | yj-app/app/controller/system/post.ListAjax                    | middleware.Auth  
|---------|---------|---------|--------|-------------------------------------------|---------------------------------------------------------------|-----------------|
  default | default | :8199   | POST   | /system/post/remove                       | yj-app/app/controller/system/post.Remove                      | middleware.Auth  
|---------|---------|---------|--------|-------------------------------------------|---------------------------------------------------------------|-----------------|
  default | default | :8199   | GET    | /system/role                              | yj-app/app/controller/system/role.List                        | middleware.Auth  
|---------|---------|---------|--------|-------------------------------------------|---------------------------------------------------------------|-----------------|
  default | default | :8199   | GET    | /system/role/add                          | yj-app/app/controller/system/role.Add                         | middleware.Auth  
|---------|---------|---------|--------|-------------------------------------------|---------------------------------------------------------------|-----------------|
  default | default | :8199   | POST   | /system/role/add                          | yj-app/app/controller/system/role.AddSave                     | middleware.Auth  
|---------|---------|---------|--------|-------------------------------------------|---------------------------------------------------------------|-----------------|
  default | default | :8199   | POST   | /system/role/allocatedList                | yj-app/app/controller/system/role.AllocatedList               | middleware.Auth  
|---------|---------|---------|--------|-------------------------------------------|---------------------------------------------------------------|-----------------|
  default | default | :8199   | GET    | /system/role/authDataScope                | yj-app/app/controller/system/role.AuthDataScope               | middleware.Auth  
|---------|---------|---------|--------|-------------------------------------------|---------------------------------------------------------------|-----------------|
  default | default | :8199   | POST   | /system/role/authDataScope                | yj-app/app/controller/system/role.AuthDataScopeSave           | middleware.Auth  
|---------|---------|---------|--------|-------------------------------------------|---------------------------------------------------------------|-----------------|
  default | default | :8199   | GET    | /system/role/authUser                     | yj-app/app/controller/system/role.AuthUser                    | middleware.Auth  
|---------|---------|---------|--------|-------------------------------------------|---------------------------------------------------------------|-----------------|
  default | default | :8199   | ALL    | /system/role/cancel                       | yj-app/app/controller/system/role.Cancel                      | middleware.Auth  
|---------|---------|---------|--------|-------------------------------------------|---------------------------------------------------------------|-----------------|
  default | default | :8199   | ALL    | /system/role/cancelAll                    | yj-app/app/controller/system/role.CancelAll                   | middleware.Auth  
|---------|---------|---------|--------|-------------------------------------------|---------------------------------------------------------------|-----------------|
  default | default | :8199   | POST   | /system/role/checkRoleKeyUnique           | yj-app/app/controller/system/role.CheckRoleKeyUnique          | middleware.Auth  
|---------|---------|---------|--------|-------------------------------------------|---------------------------------------------------------------|-----------------|
  default | default | :8199   | POST   | /system/role/checkRoleKeyUniqueAll        | yj-app/app/controller/system/role.CheckRoleKeyUniqueAll       | middleware.Auth  
|---------|---------|---------|--------|-------------------------------------------|---------------------------------------------------------------|-----------------|
  default | default | :8199   | POST   | /system/role/checkRoleNameUnique          | yj-app/app/controller/system/role.CheckRoleNameUnique         | middleware.Auth  
|---------|---------|---------|--------|-------------------------------------------|---------------------------------------------------------------|-----------------|
  default | default | :8199   | POST   | /system/role/checkRoleNameUniqueAll       | yj-app/app/controller/system/role.CheckRoleNameUniqueAll      | middleware.Auth  
|---------|---------|---------|--------|-------------------------------------------|---------------------------------------------------------------|-----------------|
  default | default | :8199   | GET    | /system/role/edit                         | yj-app/app/controller/system/role.Edit                        | middleware.Auth  
|---------|---------|---------|--------|-------------------------------------------|---------------------------------------------------------------|-----------------|
  default | default | :8199   | POST   | /system/role/edit                         | yj-app/app/controller/system/role.EditSave                    | middleware.Auth  
|---------|---------|---------|--------|-------------------------------------------|---------------------------------------------------------------|-----------------|
  default | default | :8199   | ALL    | /system/role/export                       | yj-app/app/controller/system/role.Export                      | middleware.Auth  
|---------|---------|---------|--------|-------------------------------------------|---------------------------------------------------------------|-----------------|
  default | default | :8199   | POST   | /system/role/list                         | yj-app/app/controller/system/role.ListAjax                    | middleware.Auth  
|---------|---------|---------|--------|-------------------------------------------|---------------------------------------------------------------|-----------------|
  default | default | :8199   | POST   | /system/role/remove                       | yj-app/app/controller/system/role.Remove                      | middleware.Auth  
|---------|---------|---------|--------|-------------------------------------------|---------------------------------------------------------------|-----------------|
  default | default | :8199   | POST   | /system/role/selectAll                    | yj-app/app/controller/system/role.SelectAll                   | middleware.Auth  
|---------|---------|---------|--------|-------------------------------------------|---------------------------------------------------------------|-----------------|
  default | default | :8199   | GET    | /system/role/selectUser                   | yj-app/app/controller/system/role.SelectUser                  | middleware.Auth  
|---------|---------|---------|--------|-------------------------------------------|---------------------------------------------------------------|-----------------|
  default | default | :8199   | POST   | /system/role/unallocatedList              | yj-app/app/controller/system/role.UnallocatedList             | middleware.Auth  
|---------|---------|---------|--------|-------------------------------------------|---------------------------------------------------------------|-----------------|
  default | default | :8199   | ALL    | /system/switchSkin                        | yj-app/app/controller/system/index.SwitchSkin                 |                  
|---------|---------|---------|--------|-------------------------------------------|---------------------------------------------------------------|-----------------|
  default | default | :8199   | GET    | /system/user                              | yj-app/app/controller/system/user.List                        | middleware.Auth  
|---------|---------|---------|--------|-------------------------------------------|---------------------------------------------------------------|-----------------|
  default | default | :8199   | GET    | /system/user/add                          | yj-app/app/controller/system/user.Add                         | middleware.Auth  
|---------|---------|---------|--------|-------------------------------------------|---------------------------------------------------------------|-----------------|
  default | default | :8199   | POST   | /system/user/add                          | yj-app/app/controller/system/user.AddSave                     | middleware.Auth  
|---------|---------|---------|--------|-------------------------------------------|---------------------------------------------------------------|-----------------|
  default | default | :8199   | GET    | /system/user/edit                         | yj-app/app/controller/system/user.Edit                        | middleware.Auth  
|---------|---------|---------|--------|-------------------------------------------|---------------------------------------------------------------|-----------------|
  default | default | :8199   | POST   | /system/user/edit                         | yj-app/app/controller/system/user.EditSave                    | middleware.Auth  
|---------|---------|---------|--------|-------------------------------------------|---------------------------------------------------------------|-----------------|
  default | default | :8199   | ALL    | /system/user/export                       | yj-app/app/controller/system/user.Export                      | middleware.Auth  
|---------|---------|---------|--------|-------------------------------------------|---------------------------------------------------------------|-----------------|
  default | default | :8199   | POST   | /system/user/list                         | yj-app/app/controller/system/user.ListAjax                    | middleware.Auth  
|---------|---------|---------|--------|-------------------------------------------|---------------------------------------------------------------|-----------------|
  default | default | :8199   | ALL    | /system/user/profile                      | yj-app/app/controller/system/user.Profile                     | middleware.Auth  
|---------|---------|---------|--------|-------------------------------------------|---------------------------------------------------------------|-----------------|
  default | default | :8199   | ALL    | /system/user/profile/avatar               | yj-app/app/controller/system/user.Avatar                      | middleware.Auth  
|---------|---------|---------|--------|-------------------------------------------|---------------------------------------------------------------|-----------------|
  default | default | :8199   | ALL    | /system/user/profile/checkEmailUnique     | yj-app/app/controller/system/user.CheckEmailUnique            | middleware.Auth  
|---------|---------|---------|--------|-------------------------------------------|---------------------------------------------------------------|-----------------|
  default | default | :8199   | ALL    | /system/user/profile/checkEmailUniqueAll  | yj-app/app/controller/system/user.CheckEmailUniqueAll         | middleware.Auth  
|---------|---------|---------|--------|-------------------------------------------|---------------------------------------------------------------|-----------------|
  default | default | :8199   | ALL    | /system/user/profile/checkLoginNameUnique | yj-app/app/controller/system/user.CheckLoginNameUnique        | middleware.Auth  
|---------|---------|---------|--------|-------------------------------------------|---------------------------------------------------------------|-----------------|
  default | default | :8199   | ALL    | /system/user/profile/checkPassword        | yj-app/app/controller/system/user.CheckPassword               | middleware.Auth  
|---------|---------|---------|--------|-------------------------------------------|---------------------------------------------------------------|-----------------|
  default | default | :8199   | ALL    | /system/user/profile/checkPhoneUnique     | yj-app/app/controller/system/user.CheckPhoneUnique            | middleware.Auth  
|---------|---------|---------|--------|-------------------------------------------|---------------------------------------------------------------|-----------------|
  default | default | :8199   | ALL    | /system/user/profile/checkPhoneUniqueAll  | yj-app/app/controller/system/user.CheckPhoneUniqueAll         | middleware.Auth  
|---------|---------|---------|--------|-------------------------------------------|---------------------------------------------------------------|-----------------|
  default | default | :8199   | ALL    | /system/user/profile/resetPwd             | yj-app/app/controller/system/user.EditPwd                     | middleware.Auth  
|---------|---------|---------|--------|-------------------------------------------|---------------------------------------------------------------|-----------------|
  default | default | :8199   | ALL    | /system/user/profile/resetSavePwd         | yj-app/app/controller/system/user.UpdatePassword              | middleware.Auth  
|---------|---------|---------|--------|-------------------------------------------|---------------------------------------------------------------|-----------------|
  default | default | :8199   | ALL    | /system/user/profile/update               | yj-app/app/controller/system/user.Update                      | middleware.Auth  
|---------|---------|---------|--------|-------------------------------------------|---------------------------------------------------------------|-----------------|
  default | default | :8199   | ALL    | /system/user/profile/updateAvatar         | yj-app/app/controller/system/user.UpdateAvatar                | middleware.Auth  
|---------|---------|---------|--------|-------------------------------------------|---------------------------------------------------------------|-----------------|
  default | default | :8199   | POST   | /system/user/remove                       | yj-app/app/controller/system/user.Remove                      | middleware.Auth  
|---------|---------|---------|--------|-------------------------------------------|---------------------------------------------------------------|-----------------|
  default | default | :8199   | GET    | /system/user/resetPwd                     | yj-app/app/controller/system/user.ResetPwd                    | middleware.Auth  
|---------|---------|---------|--------|-------------------------------------------|---------------------------------------------------------------|-----------------|
  default | default | :8199   | POST   | /system/user/resetPwd                     | yj-app/app/controller/system/user.ResetPwdSave                | middleware.Auth  
|---------|---------|---------|--------|-------------------------------------------|---------------------------------------------------------------|-----------------|
  default | default | :8199   | GET    | /tool/build                               | yj-app/app/controller/tool.Build                              | middleware.Auth  
|---------|---------|---------|--------|-------------------------------------------|---------------------------------------------------------------|-----------------|
  default | default | :8199   | GET    | /tool/gen                                 | yj-app/app/controller/tool/gen.Gen                            | middleware.Auth  
|---------|---------|---------|--------|-------------------------------------------|---------------------------------------------------------------|-----------------|
  default | default | :8199   | POST   | /tool/gen/column/list                     | yj-app/app/controller/tool/gen.ColumnList                     | middleware.Auth  
|---------|---------|---------|--------|-------------------------------------------|---------------------------------------------------------------|-----------------|
  default | default | :8199   | POST   | /tool/gen/db/list                         | yj-app/app/controller/tool/gen.DataList                       | middleware.Auth  
|---------|---------|---------|--------|-------------------------------------------|---------------------------------------------------------------|-----------------|
  default | default | :8199   | GET    | /tool/gen/edit                            | yj-app/app/controller/tool/gen.Edit                           | middleware.Auth  
|---------|---------|---------|--------|-------------------------------------------|---------------------------------------------------------------|-----------------|
  default | default | :8199   | POST   | /tool/gen/edit                            | yj-app/app/controller/tool/gen.EditSave                       | middleware.Auth  
|---------|---------|---------|--------|-------------------------------------------|---------------------------------------------------------------|-----------------|
  default | default | :8199   | GET    | /tool/gen/genCode                         | yj-app/app/controller/tool/gen.GenCode                        | middleware.Auth  
|---------|---------|---------|--------|-------------------------------------------|---------------------------------------------------------------|-----------------|
  default | default | :8199   | GET    | /tool/gen/importTable                     | yj-app/app/controller/tool/gen.ImportTable                    | middleware.Auth  
|---------|---------|---------|--------|-------------------------------------------|---------------------------------------------------------------|-----------------|
  default | default | :8199   | POST   | /tool/gen/importTable                     | yj-app/app/controller/tool/gen.ImportTableSave                | middleware.Auth  
|---------|---------|---------|--------|-------------------------------------------|---------------------------------------------------------------|-----------------|
  default | default | :8199   | POST   | /tool/gen/list                            | yj-app/app/controller/tool/gen.GenList                        | middleware.Auth  
|---------|---------|---------|--------|-------------------------------------------|---------------------------------------------------------------|-----------------|
  default | default | :8199   | GET    | /tool/gen/preview                         | yj-app/app/controller/tool/gen.Preview                        | middleware.Auth  
|---------|---------|---------|--------|-------------------------------------------|---------------------------------------------------------------|-----------------|
  default | default | :8199   | ALL    | /tool/gen/remove                          | yj-app/app/controller/tool/gen.Remove                         | middleware.Auth  
|---------|---------|---------|--------|-------------------------------------------|---------------------------------------------------------------|-----------------|
  default | default | :8199   | GET    | /tool/swagger                             | yj-app/app/controller/tool.Swagger                            | middleware.Auth  
|---------|---------|---------|--------|-------------------------------------------|---------------------------------------------------------------|-----------------|

2020-03-02 20:32:25.458 [ghttp] 86259: all servers shutdown
